<?xml version="1.0" encoding="UTF-8"?>
<testng-results ignored="0" total="1" passed="1" failed="0" skipped="0">
  <reporter-output>
  </reporter-output>
  <suite started-at="2022-05-25T11:08:56 IST" name="Default suite" finished-at="2022-05-25T11:09:51 IST" duration-ms="55278">
    <groups>
    </groups>
    <test started-at="2022-05-25T11:08:56 IST" name="Default test" finished-at="2022-05-25T11:09:51 IST" duration-ms="55278">
      <class name="SelExercise.HdfcBank">
        <test-method is-config="true" signature="setupData()[pri:0, instance:SelExercise.HdfcBank@53ce1329]" started-at="2022-05-25T11:08:57 IST" name="setupData" finished-at="2022-05-25T11:08:58 IST" duration-ms="611" status="PASS">
          <reporter-output>
          </reporter-output>
        </test-method> <!-- setupData -->
        <test-method signature="runHdfcBank(java.lang.String,java.lang.String)[pri:0, instance:SelExercise.HdfcBank@53ce1329]" started-at="2022-05-25T11:08:58 IST" name="runHdfcBank" data-provider="getData" finished-at="2022-05-25T11:09:51 IST" duration-ms="53696" status="PASS">
          <params>
            <param index="0">
              <value>
                <![CDATA[187777567]]>
              </value>
            </param>
            <param index="1">
              <value>
                <![CDATA[Targeryen619]]>
              </value>
            </param>
          </params>
          <reporter-output>
          </reporter-output>
        </test-method> <!-- runHdfcBank -->
      </class> <!-- SelExercise.HdfcBank -->
    </test> <!-- Default test -->
  </suite> <!-- Default suite -->
</testng-results>
